<?xml version="1.0" encoding="UTF-8"?>
<!-- Generated by org.testng.reporters.JUnitXMLReporter -->
<testsuite hostname="LAPTOP-P441J84O" ignored="0" name="Surefire test" tests="23" failures="4" timestamp="2023-01-29T17:38:45 GMT" time="63.847" errors="0">
  <testcase name="test1" time="0.001" classname="com.nopcommerce.demo.testng.TestNGDemo"/>
  <testcase name="test2" time="0.001" classname="com.nopcommerce.demo.testng.TestNGDemo"/>
  <testcase name="computerTest1" time="0.002" classname="com.nopcommerce.demo.testng.TestNGGrouping"/>
  <testcase name="computerTest2" time="0.0" classname="com.nopcommerce.demo.testng.TestNGGrouping"/>
  <testcase name="loginTest1" time="0.003" classname="com.nopcommerce.demo.testng.TestNGGrouping"/>
  <testcase name="loginTest2" time="0.008" classname="com.nopcommerce.demo.testng.TestNGGrouping"/>
  <testcase name="loginTest3" time="0.002" classname="com.nopcommerce.demo.testng.TestNGGrouping"/>
  <testcase name="loginTest4" time="0.0" classname="com.nopcommerce.demo.testng.TestNGGrouping"/>
  <testcase name="regressionTest1" time="0.001" classname="com.nopcommerce.demo.testng.TestNGGrouping"/>
  <testcase name="test1" time="0.0" classname="com.nopcommerce.demo.testng.TestNGListenersDemo"/>
  <testcase name="test2" time="0.021" classname="com.nopcommerce.demo.testng.TestNGListenersDemo">
    <failure type="java.lang.AssertionError" message="null">
      <![CDATA[java.lang.AssertionError: null
at com.nopcommerce.demo.testng.TestNGListenersDemo.test2(TestNGListenersDemo.java:21)
at java.util.ArrayList.forEach(ArrayList.java:1249)
... Removed 34 stack frames]]>
    </failure>
  </testcase> <!-- test2 -->
  <testcase name="test3" time="0.0" classname="com.nopcommerce.demo.testng.TestNGListenersDemo">
    <skipped/>
  </testcase> <!-- test3 -->
  <testcase name="test" time="0.0" classname="com.nopcommerce.demo.testng.TestNGParameterDemo">
    <failure type="org.testng.TestNGException" message="
Cannot inject @Test annotated Method [test] with [class java.lang.String, class java.lang.String].
For more information on native dependency injection please refer to https://testng.org/doc/documentation-main.html#native-dependency-injection">
      <![CDATA[org.testng.TestNGException: 
Cannot inject @Test annotated Method [test] with [class java.lang.String, class java.lang.String].
For more information on native dependency injection please refer to https://testng.org/doc/documentation-main.html#native-dependency-injection
at java.util.ArrayList.forEach(ArrayList.java:1249)
... Removed 31 stack frames]]>
    </failure>
  </testcase> <!-- test -->
  <testcase name="test" time="0.0" classname="com.nopcommerce.demo.testng.TestNGPriority"/>
  <testcase name="test1" time="0.001" classname="com.nopcommerce.demo.testng.TestNGPriority"/>
  <testcase name="test2" time="0.001" classname="com.nopcommerce.demo.testng.TestNGPriority"/>
  <testcase name="test1" time="0.001" classname="com.nopcommerce.demo.testng.TestNGRetryFailedDemo"/>
  <testcase name="test2" time="0.0" classname="com.nopcommerce.demo.testng.TestNGRetryFailedDemo"/>
  <testcase name="test3" time="0.0" classname="com.nopcommerce.demo.testng.TestNGRetryFailedDemo"/>
  <testcase name="testSum" time="0.004" classname="com.nopcommerce.demo.testng.TestNGSoftAssert">
    <failure type="java.lang.AssertionError" message="expected [true] but found [false]">
      <![CDATA[java.lang.AssertionError: expected [true] but found [false]
at com.nopcommerce.demo.testng.TestNGSoftAssert.testSum(TestNGSoftAssert.java:18)
at java.util.ArrayList.forEach(ArrayList.java:1249)
... Removed 36 stack frames]]>
    </failure>
  </testcase> <!-- testSum -->
  <testcase name="testSum1" time="0.02" classname="com.nopcommerce.demo.testng.TestNGSoftAssert">
    <failure type="java.lang.AssertionError" message="The following asserts failed:
	Result not equal to 40 expected [true] but found [false]">
      <![CDATA[java.lang.AssertionError: The following asserts failed:
Result not equal to 40 expected [true] but found [false]
at com.nopcommerce.demo.testng.TestNGSoftAssert.testSum1(TestNGSoftAssert.java:35)
at java.util.ArrayList.forEach(ArrayList.java:1249)
... Removed 34 stack frames]]>
    </failure>
  </testcase> <!-- testSum1 -->
  <testcase name="verifyErrorMessageWithInvalidCredentials" time="7.592" classname="com.nopcommerce.demo.testsuite.LoginPageTest"/>
  <testcase name="verifyUserShouldNavigateToLoginPage" time="1.536" classname="com.nopcommerce.demo.testsuite.LoginPageTest"/>
</testsuite> <!-- Surefire test -->
