<html>
<head>
<title>TestNG:  Surefire test</title>
<link href="../testng.css" rel="stylesheet" type="text/css" />
<link href="../my-testng.css" rel="stylesheet" type="text/css" />

<style type="text/css">
.log { display: none;} 
.stack-trace { display: none;} 
</style>
<script type="text/javascript">
<!--
function flip(e) {
  current = e.style.display;
  if (current == 'block') {
    e.style.display = 'none';
    return 0;
  }
  else {
    e.style.display = 'block';
    return 1;
  }
}

function toggleBox(szDivId, elem, msg1, msg2)
{
  var res = -1;  if (document.getElementById) {
    res = flip(document.getElementById(szDivId));
  }
  else if (document.all) {
    // this is the way old msie versions work
    res = flip(document.all[szDivId]);
  }
  if(elem) {
    if(res == 0) elem.innerHTML = msg1; else elem.innerHTML = msg2;
  }

}

function toggleAllBoxes() {
  if (document.getElementsByTagName) {
    d = document.getElementsByTagName('div');
    for (i = 0; i < d.length; i++) {
      if (d[i].className == 'log') {
        flip(d[i]);
      }
    }
  }
}

// -->
</script>

</head>
<body>
<h2 align='center'>Surefire test</h2><table border='1' align="center">
<tr>
<td>Tests passed/Failed/Skipped:</td><td>18/4/1</td>
</tr><tr>
<td>Started on:</td><td>Sun Jan 29 17:37:41 GMT 2023</td>
</tr>
<tr><td>Total time:</td><td>63 seconds (63847 ms)</td>
</tr><tr>
<td>Included groups:</td><td></td>
</tr><tr>
<td>Excluded groups:</td><td></td>
</tr>
</table><p/>
<small><i>(Hover the method name to see the test class name)</i></small><p/>
<table width='100%' border='1' class='invocation-failed'>
<tr><td colspan='4' align='center'><b>FAILED TESTS</b></td></tr>
<tr><td><b>Test method</b></td>
<td width="30%"><b>Exception</b></td>
<td width="10%"><b>Time (seconds)</b></td>
<td><b>Instance</b></td>
</tr>
<tr>
<td title='com.nopcommerce.demo.testng.TestNGParameterDemo.test()'><b>test</b><br>Test class: com.nopcommerce.demo.testng.TestNGParameterDemo</td>
<td><div><pre>org.testng.TestNGException: 
Cannot inject @Test annotated Method [test] with [class java.lang.String, class java.lang.String].
For more information on native dependency injection please refer to https://testng.org/doc/documentation-main.html#native-dependency-injection
	at java.util.ArrayList.forEach(ArrayList.java:1249)
... Removed 31 stack frames</pre></div><a href='#' onClick='toggleBox("stack-trace97652294", this, "Click to show all stack frames", "Click to hide stack frames")'>Click to show all stack frames</a>
<div class='stack-trace' id='stack-trace97652294'><pre>org.testng.TestNGException: 
Cannot inject @Test annotated Method [test] with [class java.lang.String, class java.lang.String].
For more information on native dependency injection please refer to https://testng.org/doc/documentation-main.html#native-dependency-injection
	at org.testng.internal.Parameters.checkParameterTypes(Parameters.java:436)
	at org.testng.internal.Parameters.createParametersForMethod(Parameters.java:350)
	at org.testng.internal.Parameters.createParameters(Parameters.java:669)
	at org.testng.internal.Parameters.handleParameters(Parameters.java:856)
	at org.testng.internal.Parameters.handleParameters(Parameters.java:704)
	at org.testng.internal.invokers.ParameterHandler.handleParameters(ParameterHandler.java:70)
	at org.testng.internal.invokers.ParameterHandler.createParameters(ParameterHandler.java:49)
	at org.testng.internal.invokers.TestInvoker$MethodInvocationAgent.invoke(TestInvoker.java:904)
	at org.testng.internal.invokers.TestInvoker.invokeTestMethods(TestInvoker.java:193)
	at org.testng.internal.invokers.TestMethodWorker.invokeTestMethods(TestMethodWorker.java:146)
	at org.testng.internal.invokers.TestMethodWorker.run(TestMethodWorker.java:128)
	at java.util.ArrayList.forEach(ArrayList.java:1249)
	at org.testng.TestRunner.privateRun(TestRunner.java:808)
	at org.testng.TestRunner.run(TestRunner.java:603)
	at org.testng.SuiteRunner.runTest(SuiteRunner.java:429)
	at org.testng.SuiteRunner.runSequentially(SuiteRunner.java:423)
	at org.testng.SuiteRunner.privateRun(SuiteRunner.java:383)
	at org.testng.SuiteRunner.run(SuiteRunner.java:326)
	at org.testng.SuiteRunnerWorker.runSuite(SuiteRunnerWorker.java:52)
	at org.testng.SuiteRunnerWorker.run(SuiteRunnerWorker.java:95)
	at org.testng.TestNG.runSuitesSequentially(TestNG.java:1249)
	at org.testng.TestNG.runSuitesLocally(TestNG.java:1169)
	at org.testng.TestNG.runSuites(TestNG.java:1092)
	at org.testng.TestNG.run(TestNG.java:1060)
	at org.apache.maven.surefire.testng.TestNGExecutor.run(TestNGExecutor.java:135)
	at org.apache.maven.surefire.testng.TestNGDirectoryTestSuite.executeMulti(TestNGDirectoryTestSuite.java:193)
	at org.apache.maven.surefire.testng.TestNGDirectoryTestSuite.execute(TestNGDirectoryTestSuite.java:94)
	at org.apache.maven.surefire.testng.TestNGProvider.invoke(TestNGProvider.java:146)
	at org.apache.maven.surefire.booter.ForkedBooter.invokeProviderInSameClassLoader(ForkedBooter.java:384)
	at org.apache.maven.surefire.booter.ForkedBooter.runSuitesInProcess(ForkedBooter.java:345)
	at org.apache.maven.surefire.booter.ForkedBooter.execute(ForkedBooter.java:126)
	at org.apache.maven.surefire.booter.ForkedBooter.main(ForkedBooter.java:418)
</pre></div></td>
<td>0</td>
<td>com.nopcommerce.demo.testng.TestNGParameterDemo@69b0fd6f</td></tr>
<tr>
<td title='com.nopcommerce.demo.testng.TestNGListenersDemo.test2()'><b>test2</b><br>Test class: com.nopcommerce.demo.testng.TestNGListenersDemo</td>
<td><div><pre>java.lang.AssertionError: null
	at com.nopcommerce.demo.testng.TestNGListenersDemo.test2(TestNGListenersDemo.java:21)
	at java.util.ArrayList.forEach(ArrayList.java:1249)
... Removed 34 stack frames</pre></div><a href='#' onClick='toggleBox("stack-trace1890627974", this, "Click to show all stack frames", "Click to hide stack frames")'>Click to show all stack frames</a>
<div class='stack-trace' id='stack-trace1890627974'><pre>java.lang.AssertionError: null
	at org.testng.Assert.fail(Assert.java:110)
	at org.testng.Assert.fail(Assert.java:115)
	at com.nopcommerce.demo.testng.TestNGListenersDemo.test2(TestNGListenersDemo.java:21)
	at sun.reflect.NativeMethodAccessorImpl.invoke0(Native Method)
	at sun.reflect.NativeMethodAccessorImpl.invoke(NativeMethodAccessorImpl.java:62)
	at sun.reflect.DelegatingMethodAccessorImpl.invoke(DelegatingMethodAccessorImpl.java:43)
	at java.lang.reflect.Method.invoke(Method.java:498)
	at org.testng.internal.invokers.MethodInvocationHelper.invokeMethod(MethodInvocationHelper.java:135)
	at org.testng.internal.invokers.TestInvoker.invokeMethod(TestInvoker.java:673)
	at org.testng.internal.invokers.TestInvoker.invokeTestMethod(TestInvoker.java:220)
	at org.testng.internal.invokers.MethodRunner.runInSequence(MethodRunner.java:50)
	at org.testng.internal.invokers.TestInvoker$MethodInvocationAgent.invoke(TestInvoker.java:945)
	at org.testng.internal.invokers.TestInvoker.invokeTestMethods(TestInvoker.java:193)
	at org.testng.internal.invokers.TestMethodWorker.invokeTestMethods(TestMethodWorker.java:146)
	at org.testng.internal.invokers.TestMethodWorker.run(TestMethodWorker.java:128)
	at java.util.ArrayList.forEach(ArrayList.java:1249)
	at org.testng.TestRunner.privateRun(TestRunner.java:808)
	at org.testng.TestRunner.run(TestRunner.java:603)
	at org.testng.SuiteRunner.runTest(SuiteRunner.java:429)
	at org.testng.SuiteRunner.runSequentially(SuiteRunner.java:423)
	at org.testng.SuiteRunner.privateRun(SuiteRunner.java:383)
	at org.testng.SuiteRunner.run(SuiteRunner.java:326)
	at org.testng.SuiteRunnerWorker.runSuite(SuiteRunnerWorker.java:52)
	at org.testng.SuiteRunnerWorker.run(SuiteRunnerWorker.java:95)
	at org.testng.TestNG.runSuitesSequentially(TestNG.java:1249)
	at org.testng.TestNG.runSuitesLocally(TestNG.java:1169)
	at org.testng.TestNG.runSuites(TestNG.java:1092)
	at org.testng.TestNG.run(TestNG.java:1060)
	at org.apache.maven.surefire.testng.TestNGExecutor.run(TestNGExecutor.java:135)
	at org.apache.maven.surefire.testng.TestNGDirectoryTestSuite.executeMulti(TestNGDirectoryTestSuite.java:193)
	at org.apache.maven.surefire.testng.TestNGDirectoryTestSuite.execute(TestNGDirectoryTestSuite.java:94)
	at org.apache.maven.surefire.testng.TestNGProvider.invoke(TestNGProvider.java:146)
	at org.apache.maven.surefire.booter.ForkedBooter.invokeProviderInSameClassLoader(ForkedBooter.java:384)
	at org.apache.maven.surefire.booter.ForkedBooter.runSuitesInProcess(ForkedBooter.java:345)
	at org.apache.maven.surefire.booter.ForkedBooter.execute(ForkedBooter.java:126)
	at org.apache.maven.surefire.booter.ForkedBooter.main(ForkedBooter.java:418)
</pre></div></td>
<td>0</td>
<td>com.nopcommerce.demo.testng.TestNGListenersDemo@462d5aee</td></tr>
<tr>
<td title='com.nopcommerce.demo.testng.TestNGSoftAssert.testSum()'><b>testSum</b><br>Test class: com.nopcommerce.demo.testng.TestNGSoftAssert</td>
<td><div><pre>java.lang.AssertionError: expected [true] but found [false]
	at com.nopcommerce.demo.testng.TestNGSoftAssert.testSum(TestNGSoftAssert.java:18)
	at java.util.ArrayList.forEach(ArrayList.java:1249)
... Removed 36 stack frames</pre></div><a href='#' onClick='toggleBox("stack-trace252651381", this, "Click to show all stack frames", "Click to hide stack frames")'>Click to show all stack frames</a>
<div class='stack-trace' id='stack-trace252651381'><pre>java.lang.AssertionError: expected [true] but found [false]
	at org.testng.Assert.fail(Assert.java:110)
	at org.testng.Assert.failNotEquals(Assert.java:1413)
	at org.testng.Assert.assertTrue(Assert.java:56)
	at org.testng.Assert.assertTrue(Assert.java:66)
	at com.nopcommerce.demo.testng.TestNGSoftAssert.testSum(TestNGSoftAssert.java:18)
	at sun.reflect.NativeMethodAccessorImpl.invoke0(Native Method)
	at sun.reflect.NativeMethodAccessorImpl.invoke(NativeMethodAccessorImpl.java:62)
	at sun.reflect.DelegatingMethodAccessorImpl.invoke(DelegatingMethodAccessorImpl.java:43)
	at java.lang.reflect.Method.invoke(Method.java:498)
	at org.testng.internal.invokers.MethodInvocationHelper.invokeMethod(MethodInvocationHelper.java:135)
	at org.testng.internal.invokers.TestInvoker.invokeMethod(TestInvoker.java:673)
	at org.testng.internal.invokers.TestInvoker.invokeTestMethod(TestInvoker.java:220)
	at org.testng.internal.invokers.MethodRunner.runInSequence(MethodRunner.java:50)
	at org.testng.internal.invokers.TestInvoker$MethodInvocationAgent.invoke(TestInvoker.java:945)
	at org.testng.internal.invokers.TestInvoker.invokeTestMethods(TestInvoker.java:193)
	at org.testng.internal.invokers.TestMethodWorker.invokeTestMethods(TestMethodWorker.java:146)
	at org.testng.internal.invokers.TestMethodWorker.run(TestMethodWorker.java:128)
	at java.util.ArrayList.forEach(ArrayList.java:1249)
	at org.testng.TestRunner.privateRun(TestRunner.java:808)
	at org.testng.TestRunner.run(TestRunner.java:603)
	at org.testng.SuiteRunner.runTest(SuiteRunner.java:429)
	at org.testng.SuiteRunner.runSequentially(SuiteRunner.java:423)
	at org.testng.SuiteRunner.privateRun(SuiteRunner.java:383)
	at org.testng.SuiteRunner.run(SuiteRunner.java:326)
	at org.testng.SuiteRunnerWorker.runSuite(SuiteRunnerWorker.java:52)
	at org.testng.SuiteRunnerWorker.run(SuiteRunnerWorker.java:95)
	at org.testng.TestNG.runSuitesSequentially(TestNG.java:1249)
	at org.testng.TestNG.runSuitesLocally(TestNG.java:1169)
	at org.testng.TestNG.runSuites(TestNG.java:1092)
	at org.testng.TestNG.run(TestNG.java:1060)
	at org.apache.maven.surefire.testng.TestNGExecutor.run(TestNGExecutor.java:135)
	at org.apache.maven.surefire.testng.TestNGDirectoryTestSuite.executeMulti(TestNGDirectoryTestSuite.java:193)
	at org.apache.maven.surefire.testng.TestNGDirectoryTestSuite.execute(TestNGDirectoryTestSuite.java:94)
	at org.apache.maven.surefire.testng.TestNGProvider.invoke(TestNGProvider.java:146)
	at org.apache.maven.surefire.booter.ForkedBooter.invokeProviderInSameClassLoader(ForkedBooter.java:384)
	at org.apache.maven.surefire.booter.ForkedBooter.runSuitesInProcess(ForkedBooter.java:345)
	at org.apache.maven.surefire.booter.ForkedBooter.execute(ForkedBooter.java:126)
	at org.apache.maven.surefire.booter.ForkedBooter.main(ForkedBooter.java:418)
</pre></div></td>
<td>0</td>
<td>com.nopcommerce.demo.testng.TestNGSoftAssert@66d1af89</td></tr>
<tr>
<td title='com.nopcommerce.demo.testng.TestNGSoftAssert.testSum1()'><b>testSum1</b><br>Test class: com.nopcommerce.demo.testng.TestNGSoftAssert</td>
<td><div><pre>java.lang.AssertionError: The following asserts failed:
	Result not equal to 40 expected [true] but found [false]
	at com.nopcommerce.demo.testng.TestNGSoftAssert.testSum1(TestNGSoftAssert.java:35)
	at java.util.ArrayList.forEach(ArrayList.java:1249)
... Removed 34 stack frames</pre></div><a href='#' onClick='toggleBox("stack-trace577405636", this, "Click to show all stack frames", "Click to hide stack frames")'>Click to show all stack frames</a>
<div class='stack-trace' id='stack-trace577405636'><pre>java.lang.AssertionError: The following asserts failed:
	Result not equal to 40 expected [true] but found [false]
	at org.testng.asserts.SoftAssert.assertAll(SoftAssert.java:46)
	at org.testng.asserts.SoftAssert.assertAll(SoftAssert.java:30)
	at com.nopcommerce.demo.testng.TestNGSoftAssert.testSum1(TestNGSoftAssert.java:35)
	at sun.reflect.NativeMethodAccessorImpl.invoke0(Native Method)
	at sun.reflect.NativeMethodAccessorImpl.invoke(NativeMethodAccessorImpl.java:62)
	at sun.reflect.DelegatingMethodAccessorImpl.invoke(DelegatingMethodAccessorImpl.java:43)
	at java.lang.reflect.Method.invoke(Method.java:498)
	at org.testng.internal.invokers.MethodInvocationHelper.invokeMethod(MethodInvocationHelper.java:135)
	at org.testng.internal.invokers.TestInvoker.invokeMethod(TestInvoker.java:673)
	at org.testng.internal.invokers.TestInvoker.invokeTestMethod(TestInvoker.java:220)
	at org.testng.internal.invokers.MethodRunner.runInSequence(MethodRunner.java:50)
	at org.testng.internal.invokers.TestInvoker$MethodInvocationAgent.invoke(TestInvoker.java:945)
	at org.testng.internal.invokers.TestInvoker.invokeTestMethods(TestInvoker.java:193)
	at org.testng.internal.invokers.TestMethodWorker.invokeTestMethods(TestMethodWorker.java:146)
	at org.testng.internal.invokers.TestMethodWorker.run(TestMethodWorker.java:128)
	at java.util.ArrayList.forEach(ArrayList.java:1249)
	at org.testng.TestRunner.privateRun(TestRunner.java:808)
	at org.testng.TestRunner.run(TestRunner.java:603)
	at org.testng.SuiteRunner.runTest(SuiteRunner.java:429)
	at org.testng.SuiteRunner.runSequentially(SuiteRunner.java:423)
	at org.testng.SuiteRunner.privateRun(SuiteRunner.java:383)
	at org.testng.SuiteRunner.run(SuiteRunner.java:326)
	at org.testng.SuiteRunnerWorker.runSuite(SuiteRunnerWorker.java:52)
	at org.testng.SuiteRunnerWorker.run(SuiteRunnerWorker.java:95)
	at org.testng.TestNG.runSuitesSequentially(TestNG.java:1249)
	at org.testng.TestNG.runSuitesLocally(TestNG.java:1169)
	at org.testng.TestNG.runSuites(TestNG.java:1092)
	at org.testng.TestNG.run(TestNG.java:1060)
	at org.apache.maven.surefire.testng.TestNGExecutor.run(TestNGExecutor.java:135)
	at org.apache.maven.surefire.testng.TestNGDirectoryTestSuite.executeMulti(TestNGDirectoryTestSuite.java:193)
	at org.apache.maven.surefire.testng.TestNGDirectoryTestSuite.execute(TestNGDirectoryTestSuite.java:94)
	at org.apache.maven.surefire.testng.TestNGProvider.invoke(TestNGProvider.java:146)
	at org.apache.maven.surefire.booter.ForkedBooter.invokeProviderInSameClassLoader(ForkedBooter.java:384)
	at org.apache.maven.surefire.booter.ForkedBooter.runSuitesInProcess(ForkedBooter.java:345)
	at org.apache.maven.surefire.booter.ForkedBooter.execute(ForkedBooter.java:126)
	at org.apache.maven.surefire.booter.ForkedBooter.main(ForkedBooter.java:418)
</pre></div></td>
<td>0</td>
<td>com.nopcommerce.demo.testng.TestNGSoftAssert@66d1af89</td></tr>
</table><p>
<table width='100%' border='1' class='invocation-passed'>
<tr><td colspan='4' align='center'><b>PASSED TESTS</b></td></tr>
<tr><td><b>Test method</b></td>
<td width="30%"><b>Exception</b></td>
<td width="10%"><b>Time (seconds)</b></td>
<td><b>Instance</b></td>
</tr>
<tr>
<td title='com.nopcommerce.demo.testng.TestNGRetryFailedDemo.test3()'><b>test3</b><br>Test class: com.nopcommerce.demo.testng.TestNGRetryFailedDemo</td>
<td></td>
<td>0</td>
<td>com.nopcommerce.demo.testng.TestNGRetryFailedDemo@4a87761d</td></tr>
<tr>
<td title='com.nopcommerce.demo.testng.TestNGGrouping.loginTest2()'><b>loginTest2</b><br>Test class: com.nopcommerce.demo.testng.TestNGGrouping</td>
<td></td>
<td>0</td>
<td>com.nopcommerce.demo.testng.TestNGGrouping@6a1aab78</td></tr>
<tr>
<td title='com.nopcommerce.demo.testsuite.LoginPageTest.verifyErrorMessageWithInvalidCredentials()'><b>verifyErrorMessageWithInvalidCredentials</b><br>Test class: com.nopcommerce.demo.testsuite.LoginPageTest<br/>
<a href="#Output-861522296" onClick='toggleBox("Output-861522296", this, "Show output", "Hide output");'>Show output</a>

<a href="#Output-861522296" onClick="toggleAllBoxes();">Show all outputs</a>
<div class='log' id="Output-861522296">
Clicking on login button By.linkText: Log in<br/>
</div>
</td>
<td></td>
<td>7</td>
<td>com.nopcommerce.demo.testsuite.LoginPageTest@2a70a3d8</td></tr>
<tr>
<td title='com.nopcommerce.demo.testng.TestNGGrouping.loginTest4()'><b>loginTest4</b><br>Test class: com.nopcommerce.demo.testng.TestNGGrouping</td>
<td></td>
<td>0</td>
<td>com.nopcommerce.demo.testng.TestNGGrouping@6a1aab78</td></tr>
<tr>
<td title='com.nopcommerce.demo.testng.TestNGGrouping.computerTest2()'><b>computerTest2</b><br>Test class: com.nopcommerce.demo.testng.TestNGGrouping</td>
<td></td>
<td>0</td>
<td>com.nopcommerce.demo.testng.TestNGGrouping@6a1aab78</td></tr>
<tr>
<td title='com.nopcommerce.demo.testng.TestNGRetryFailedDemo.test2()'><b>test2</b><br>Test class: com.nopcommerce.demo.testng.TestNGRetryFailedDemo</td>
<td></td>
<td>0</td>
<td>com.nopcommerce.demo.testng.TestNGRetryFailedDemo@4a87761d</td></tr>
<tr>
<td title='com.nopcommerce.demo.testsuite.LoginPageTest.verifyUserShouldNavigateToLoginPage()'><b>verifyUserShouldNavigateToLoginPage</b><br>Test class: com.nopcommerce.demo.testsuite.LoginPageTest<br/>
<a href="#Output-1492219097" onClick='toggleBox("Output-1492219097", this, "Show output", "Hide output");'>Show output</a>

<a href="#Output-1492219097" onClick="toggleAllBoxes();">Show all outputs</a>
<div class='log' id="Output-1492219097">
Clicking on login button By.linkText: Log in<br/>
</div>
</td>
<td></td>
<td>1</td>
<td>com.nopcommerce.demo.testsuite.LoginPageTest@2a70a3d8</td></tr>
<tr>
<td title='com.nopcommerce.demo.testng.TestNGGrouping.loginTest1()'><b>loginTest1</b><br>Test class: com.nopcommerce.demo.testng.TestNGGrouping</td>
<td></td>
<td>0</td>
<td>com.nopcommerce.demo.testng.TestNGGrouping@6a1aab78</td></tr>
<tr>
<td title='com.nopcommerce.demo.testng.TestNGGrouping.computerTest1()'><b>computerTest1</b><br>Test class: com.nopcommerce.demo.testng.TestNGGrouping</td>
<td></td>
<td>0</td>
<td>com.nopcommerce.demo.testng.TestNGGrouping@6a1aab78</td></tr>
<tr>
<td title='com.nopcommerce.demo.testng.TestNGGrouping.loginTest3()'><b>loginTest3</b><br>Test class: com.nopcommerce.demo.testng.TestNGGrouping</td>
<td></td>
<td>0</td>
<td>com.nopcommerce.demo.testng.TestNGGrouping@6a1aab78</td></tr>
<tr>
<td title='com.nopcommerce.demo.testng.TestNGRetryFailedDemo.test1()'><b>test1</b><br>Test class: com.nopcommerce.demo.testng.TestNGRetryFailedDemo</td>
<td></td>
<td>0</td>
<td>com.nopcommerce.demo.testng.TestNGRetryFailedDemo@4a87761d</td></tr>
<tr>
<td title='com.nopcommerce.demo.testng.TestNGPriority.test1()'><b>test1</b><br>Test class: com.nopcommerce.demo.testng.TestNGPriority</td>
<td></td>
<td>0</td>
<td>com.nopcommerce.demo.testng.TestNGPriority@757942a1</td></tr>
<tr>
<td title='com.nopcommerce.demo.testng.TestNGListenersDemo.test1()'><b>test1</b><br>Test class: com.nopcommerce.demo.testng.TestNGListenersDemo</td>
<td></td>
<td>0</td>
<td>com.nopcommerce.demo.testng.TestNGListenersDemo@462d5aee</td></tr>
<tr>
<td title='com.nopcommerce.demo.testng.TestNGDemo.test1()'><b>test1</b><br>Test class: com.nopcommerce.demo.testng.TestNGDemo</td>
<td></td>
<td>0</td>
<td>com.nopcommerce.demo.testng.TestNGDemo@74ad1f1f</td></tr>
<tr>
<td title='com.nopcommerce.demo.testng.TestNGPriority.test2()'><b>test2</b><br>Test class: com.nopcommerce.demo.testng.TestNGPriority</td>
<td></td>
<td>0</td>
<td>com.nopcommerce.demo.testng.TestNGPriority@757942a1</td></tr>
<tr>
<td title='com.nopcommerce.demo.testng.TestNGGrouping.regressionTest1()'><b>regressionTest1</b><br>Test class: com.nopcommerce.demo.testng.TestNGGrouping</td>
<td></td>
<td>0</td>
<td>com.nopcommerce.demo.testng.TestNGGrouping@6a1aab78</td></tr>
<tr>
<td title='com.nopcommerce.demo.testng.TestNGDemo.test2()'><b>test2</b><br>Test class: com.nopcommerce.demo.testng.TestNGDemo</td>
<td></td>
<td>0</td>
<td>com.nopcommerce.demo.testng.TestNGDemo@74ad1f1f</td></tr>
<tr>
<td title='com.nopcommerce.demo.testng.TestNGPriority.test()'><b>test</b><br>Test class: com.nopcommerce.demo.testng.TestNGPriority</td>
<td></td>
<td>0</td>
<td>com.nopcommerce.demo.testng.TestNGPriority@757942a1</td></tr>
</table><p>
<table width='100%' border='1' class='invocation-skipped'>
<tr><td colspan='4' align='center'><b>SKIPPED TESTS</b></td></tr>
<tr><td><b>Test method</b></td>
<td width="30%"><b>Exception</b></td>
<td width="10%"><b>Time (seconds)</b></td>
<td><b>Instance</b></td>
</tr>
<tr>
<td title='com.nopcommerce.demo.testng.TestNGListenersDemo.test3()'><b>test3</b><br>Test class: com.nopcommerce.demo.testng.TestNGListenersDemo</td>
<td><div><pre>org.testng.SkipException: Test Skipped
	at com.nopcommerce.demo.testng.TestNGListenersDemo.test3(TestNGListenersDemo.java:27)
	at java.util.ArrayList.forEach(ArrayList.java:1249)
... Removed 32 stack frames</pre></div><a href='#' onClick='toggleBox("stack-trace195615004", this, "Click to show all stack frames", "Click to hide stack frames")'>Click to show all stack frames</a>
<div class='stack-trace' id='stack-trace195615004'><pre>org.testng.SkipException: Test Skipped
	at com.nopcommerce.demo.testng.TestNGListenersDemo.test3(TestNGListenersDemo.java:27)
	at sun.reflect.NativeMethodAccessorImpl.invoke0(Native Method)
	at sun.reflect.NativeMethodAccessorImpl.invoke(NativeMethodAccessorImpl.java:62)
	at sun.reflect.DelegatingMethodAccessorImpl.invoke(DelegatingMethodAccessorImpl.java:43)
	at java.lang.reflect.Method.invoke(Method.java:498)
	at org.testng.internal.invokers.MethodInvocationHelper.invokeMethod(MethodInvocationHelper.java:135)
	at org.testng.internal.invokers.TestInvoker.invokeMethod(TestInvoker.java:673)
	at org.testng.internal.invokers.TestInvoker.invokeTestMethod(TestInvoker.java:220)
	at org.testng.internal.invokers.MethodRunner.runInSequence(MethodRunner.java:50)
	at org.testng.internal.invokers.TestInvoker$MethodInvocationAgent.invoke(TestInvoker.java:945)
	at org.testng.internal.invokers.TestInvoker.invokeTestMethods(TestInvoker.java:193)
	at org.testng.internal.invokers.TestMethodWorker.invokeTestMethods(TestMethodWorker.java:146)
	at org.testng.internal.invokers.TestMethodWorker.run(TestMethodWorker.java:128)
	at java.util.ArrayList.forEach(ArrayList.java:1249)
	at org.testng.TestRunner.privateRun(TestRunner.java:808)
	at org.testng.TestRunner.run(TestRunner.java:603)
	at org.testng.SuiteRunner.runTest(SuiteRunner.java:429)
	at org.testng.SuiteRunner.runSequentially(SuiteRunner.java:423)
	at org.testng.SuiteRunner.privateRun(SuiteRunner.java:383)
	at org.testng.SuiteRunner.run(SuiteRunner.java:326)
	at org.testng.SuiteRunnerWorker.runSuite(SuiteRunnerWorker.java:52)
	at org.testng.SuiteRunnerWorker.run(SuiteRunnerWorker.java:95)
	at org.testng.TestNG.runSuitesSequentially(TestNG.java:1249)
	at org.testng.TestNG.runSuitesLocally(TestNG.java:1169)
	at org.testng.TestNG.runSuites(TestNG.java:1092)
	at org.testng.TestNG.run(TestNG.java:1060)
	at org.apache.maven.surefire.testng.TestNGExecutor.run(TestNGExecutor.java:135)
	at org.apache.maven.surefire.testng.TestNGDirectoryTestSuite.executeMulti(TestNGDirectoryTestSuite.java:193)
	at org.apache.maven.surefire.testng.TestNGDirectoryTestSuite.execute(TestNGDirectoryTestSuite.java:94)
	at org.apache.maven.surefire.testng.TestNGProvider.invoke(TestNGProvider.java:146)
	at org.apache.maven.surefire.booter.ForkedBooter.invokeProviderInSameClassLoader(ForkedBooter.java:384)
	at org.apache.maven.surefire.booter.ForkedBooter.runSuitesInProcess(ForkedBooter.java:345)
	at org.apache.maven.surefire.booter.ForkedBooter.execute(ForkedBooter.java:126)
	at org.apache.maven.surefire.booter.ForkedBooter.main(ForkedBooter.java:418)
</pre></div></td>
<td>0</td>
<td>com.nopcommerce.demo.testng.TestNGListenersDemo@462d5aee</td></tr>
</table><p>
</body>
</html>